#
# There is insufficient memory for the Java Runtime Environment to continue.
# Native memory allocation (malloc) failed to allocate 32744 bytes for Chunk::new
# Possible reasons:
#   The system is out of physical RAM or swap space
#   The process is running with CompressedOops enabled, and the Java Heap may be blocking the growth of the native heap
# Possible solutions:
#   Reduce memory load on the system
#   Increase physical memory or swap space
#   Check if swap backing store is full
#   Decrease Java heap size (-Xmx/-Xms)
#   Decrease number of Java threads
#   Decrease Java thread stack sizes (-Xss)
#   Set larger code cache with -XX:ReservedCodeCacheSize=
#   JVM is running with Unscaled Compressed Oops mode in which the Java heap is
#     placed in the first 4GB address space. The Java Heap base address is the
#     maximum limit for the native heap growth. Please use -XX:HeapBaseMinAddress
#     to set the Java Heap base and to place the Java Heap above 4GB virtual address.
# This output file may be truncated or incomplete.
#
#  Out of Memory Error (arena.cpp:184), pid=28844, tid=23400
#
# JRE version: Java(TM) SE Runtime Environment (18.0.2.1+1) (build 18.0.2.1+1-1)
# Java VM: Java HotSpot(TM) 64-Bit Server VM (18.0.2.1+1-1, mixed mode, sharing, tiered, compressed oops, compressed class ptrs, g1 gc, windows-amd64)
# No core dump will be written. Minidumps are not enabled by default on client versions of Windows
#

---------------  S U M M A R Y ------------

Command Line: -Dfile.encoding=UTF-8 -XX:+ShowCodeDetailsInExceptionMessages bank.management.system.Login

Host: 11th Gen Intel(R) Core(TM) i3-1125G4 @ 2.00GHz, 8 cores, 7G,  Windows 11 , 64 bit Build 22621 (10.0.22621.1344)
Time: Mon Jul 10 16:25:15 2023 Eastern Daylight Time elapsed time: 78375.764674 seconds (0d 21h 46m 15s)

---------------  T H R E A D  ---------------

Current thread (0x0000020b44674c40):  JavaThread "C2 CompilerThread0" daemon [_thread_in_native, id=23400, stack(0x0000003ee0b00000,0x0000003ee0c00000)]


Current CompileTask:
C2:78375776 1601       4       java.util.Arrays::binarySearch0 (95 bytes)

Stack: [0x0000003ee0b00000,0x0000003ee0c00000]
Native frames: (J=compiled Java code, j=interpreted, Vv=VM code, C=native code)
V  [jvm.dll+0x6993aa]
V  [jvm.dll+0x7f46dd]
V  [jvm.dll+0x7f5fee]
V  [jvm.dll+0x7f66a3]
V  [jvm.dll+0x25cf1f]
V  [jvm.dll+0xb8c2f]
V  [jvm.dll+0xb8fa5]
V  [jvm.dll+0xb8d4b]
V  [jvm.dll+0x6be142]
V  [jvm.dll+0x1be643]
V  [jvm.dll+0x6bfa9f]
V  [jvm.dll+0x36bbbb]
V  [jvm.dll+0x36707e]
V  [jvm.dll+0x36288a]
V  [jvm.dll+0x6b5449]
V  [jvm.dll+0x6b1695]
V  [jvm.dll+0x6a976b]
V  [jvm.dll+0x6a8da5]
V  [jvm.dll+0x6a6c5b]
V  [jvm.dll+0x1bd20c]
V  [jvm.dll+0x1bddd6]
V  [jvm.dll+0x1bddd6]
V  [jvm.dll+0x2c7038]
V  [jvm.dll+0x6b1688]
V  [jvm.dll+0x6a976b]
V  [jvm.dll+0x6a8da5]
V  [jvm.dll+0x6a6c5b]
V  [jvm.dll+0x1bd20c]
V  [jvm.dll+0x22f098]
V  [jvm.dll+0x1ba01c]
V  [jvm.dll+0x23ee0a]
V  [jvm.dll+0x23d0f5]
V  [jvm.dll+0x7a6dd1]
V  [jvm.dll+0x7a120a]
V  [jvm.dll+0x698255]
C  [ucrtbase.dll+0x29363]
C  [KERNEL32.DLL+0x126bd]
C  [ntdll.dll+0x5a9f8]


---------------  P R O C E S S  ---------------

Threads class SMR info:
_java_thread_list=0x0000020b4900e060, length=17, elements={
0x0000020b4464eac0, 0x0000020b4464f460, 0x0000020b44666260, 0x0000020b44666c00,
0x0000020b446675a0, 0x0000020b44667f40, 0x0000020b44674c40, 0x0000020b4469ab40,
0x0000020b4469dd40, 0x0000020b488c96d0, 0x0000020b488ce230, 0x0000020b48abcad0,
0x0000020b48abfa50, 0x0000020b48ac69e0, 0x0000020b48bfdbe0, 0x0000020b265ed3f0,
0x0000020b48f86380
}

Java Threads: ( => current thread )
  0x0000020b4464eac0 JavaThread "Reference Handler" daemon [_thread_blocked, id=20396, stack(0x0000003ee0500000,0x0000003ee0600000)]
  0x0000020b4464f460 JavaThread "Finalizer" daemon [_thread_blocked, id=14584, stack(0x0000003ee0600000,0x0000003ee0700000)]
  0x0000020b44666260 JavaThread "Signal Dispatcher" daemon [_thread_blocked, id=15160, stack(0x0000003ee0700000,0x0000003ee0800000)]
  0x0000020b44666c00 JavaThread "Attach Listener" daemon [_thread_blocked, id=10348, stack(0x0000003ee0800000,0x0000003ee0900000)]
  0x0000020b446675a0 JavaThread "Service Thread" daemon [_thread_blocked, id=9456, stack(0x0000003ee0900000,0x0000003ee0a00000)]
  0x0000020b44667f40 JavaThread "Monitor Deflation Thread" daemon [_thread_blocked, id=26572, stack(0x0000003ee0a00000,0x0000003ee0b00000)]
=>0x0000020b44674c40 JavaThread "C2 CompilerThread0" daemon [_thread_in_native, id=23400, stack(0x0000003ee0b00000,0x0000003ee0c00000)]
  0x0000020b4469ab40 JavaThread "C1 CompilerThread0" daemon [_thread_blocked, id=23688, stack(0x0000003ee0c00000,0x0000003ee0d00000)]
  0x0000020b4469dd40 JavaThread "Sweeper thread" daemon [_thread_blocked, id=8388, stack(0x0000003ee0d00000,0x0000003ee0e00000)]
  0x0000020b488c96d0 JavaThread "Notification Thread" daemon [_thread_blocked, id=496, stack(0x0000003ee0e00000,0x0000003ee0f00000)]
  0x0000020b488ce230 JavaThread "Common-Cleaner" daemon [_thread_blocked, id=8804, stack(0x0000003ee1000000,0x0000003ee1100000)]
  0x0000020b48abcad0 JavaThread "Java2D Disposer" daemon [_thread_blocked, id=13140, stack(0x0000003ee1100000,0x0000003ee1200000)]
  0x0000020b48abfa50 JavaThread "AWT-Shutdown" [_thread_blocked, id=14732, stack(0x0000003ee1200000,0x0000003ee1300000)]
  0x0000020b48ac69e0 JavaThread "AWT-Windows" daemon [_thread_in_native, id=29372, stack(0x0000003ee1300000,0x0000003ee1400000)]
  0x0000020b48bfdbe0 JavaThread "AWT-EventQueue-0" [_thread_in_Java, id=16364, stack(0x0000003ee1500000,0x0000003ee1600000)]
  0x0000020b265ed3f0 JavaThread "DestroyJavaVM" [_thread_blocked, id=26824, stack(0x0000003edfe00000,0x0000003edff00000)]
  0x0000020b48f86380 JavaThread "TimerQueue" daemon [_thread_blocked, id=23208, stack(0x0000003ee1a00000,0x0000003ee1b00000)]

Other Threads:
  0x0000020b2666a430 VMThread "VM Thread" [stack: 0x0000003ee0400000,0x0000003ee0500000] [id=2324]
  0x0000020b488cbfb0 WatcherThread "VM Periodic Task Thread" [stack: 0x0000003ee0f00000,0x0000003ee1000000] [id=22684]
  0x0000020b2664bf30 WorkerThread "GC Thread#0" [stack: 0x0000003edff00000,0x0000003ee0000000] [id=6668]
  0x0000020b2665d6b0 ConcurrentGCThread "G1 Main Marker" [stack: 0x0000003ee0000000,0x0000003ee0100000] [id=2192]
  0x0000020b2665ff60 WorkerThread "G1 Conc#0" [stack: 0x0000003ee0100000,0x0000003ee0200000] [id=17072]
  0x0000020b445060b0 ConcurrentGCThread "G1 Refine#0" [stack: 0x0000003ee0200000,0x0000003ee0300000] [id=19272]
  0x0000020b44506860 ConcurrentGCThread "G1 Service" [stack: 0x0000003ee0300000,0x0000003ee0400000] [id=12184]

Threads with active compile tasks:
C2 CompilerThread0  78375875 1601       4       java.util.Arrays::binarySearch0 (95 bytes)

VM state: not at safepoint (normal execution)

VM Mutex/Monitor currently owned by a thread: None

Heap address: 0x0000000083600000, size: 1994 MB, Compressed Oops mode: 32-bit

CDS archive(s) mapped at: [0x0000000800000000-0x0000000800ba0000-0x0000000800ba0000), size 12189696, SharedBaseAddress: 0x0000000800000000, ArchiveRelocationMode: 0.
Compressed class space mapped at: 0x0000000800c00000-0x0000000840c00000, reserved size: 1073741824
Narrow klass base: 0x0000000800000000, Narrow klass shift: 0, Narrow klass range: 0x100000000

GC Precious Log:
 CardTable entry size: 512
 Card Set container configuration: InlinePtr #cards 5 size 8 Array Of Cards #cards 12 size 40 Howl #buckets 4 coarsen threshold 1843 Howl Bitmap #cards 512 size 80 coarsen threshold 460 Card regions per heap region 1 cards per card region 2048
 CPUs: 8 total, 8 available
 Memory: 7975M
 Large Page Support: Disabled
 NUMA Support: Disabled
 Compressed Oops: Enabled (32-bit)
 Heap Region Size: 1M
 Heap Min Capacity: 8M
 Heap Initial Capacity: 126M
 Heap Max Capacity: 1994M
 Pre-touch: Disabled
 Parallel Workers: 8
 Concurrent Workers: 2
 Concurrent Refinement Workers: 8
 Periodic GC: Disabled

Heap:
 garbage-first heap   total 129024K, used 21504K [0x0000000083600000, 0x0000000100000000)
  region size 1024K, 19 young (19456K), 0 survivors (0K)
 Metaspace       used 8697K, committed 8896K, reserved 1114112K
  class space    used 926K, committed 1024K, reserved 1048576K

Heap Regions: E=young(eden), S=young(survivor), O=old, HS=humongous(starts), HC=humongous(continues), CS=collection set, F=free, OA=open archive, CA=closed archive, TAMS=top-at-mark-start (previous, next)
|   0|0x0000000083600000, 0x0000000083700000, 0x0000000083700000|100%|HS|  |TAMS 0x0000000083600000, 0x0000000083600000| Complete 
|   1|0x0000000083700000, 0x0000000083800000, 0x0000000083800000|100%|HC|  |TAMS 0x0000000083700000, 0x0000000083700000| Complete 
|   2|0x0000000083800000, 0x0000000083900000, 0x0000000083900000|100%|HC|  |TAMS 0x0000000083800000, 0x0000000083800000| Complete 
|   3|0x0000000083900000, 0x0000000083900000, 0x0000000083a00000|  0%| F|  |TAMS 0x0000000083900000, 0x0000000083900000| Untracked 
|   4|0x0000000083a00000, 0x0000000083a00000, 0x0000000083b00000|  0%| F|  |TAMS 0x0000000083a00000, 0x0000000083a00000| Untracked 
|   5|0x0000000083b00000, 0x0000000083b00000, 0x0000000083c00000|  0%| F|  |TAMS 0x0000000083b00000, 0x0000000083b00000| Untracked 
|   6|0x0000000083c00000, 0x0000000083c00000, 0x0000000083d00000|  0%| F|  |TAMS 0x0000000083c00000, 0x0000000083c00000| Untracked 
|   7|0x0000000083d00000, 0x0000000083d00000, 0x0000000083e00000|  0%| F|  |TAMS 0x0000000083d00000, 0x0000000083d00000| Untracked 
|   8|0x0000000083e00000, 0x0000000083e00000, 0x0000000083f00000|  0%| F|  |TAMS 0x0000000083e00000, 0x0000000083e00000| Untracked 
|   9|0x0000000083f00000, 0x0000000083f00000, 0x0000000084000000|  0%| F|  |TAMS 0x0000000083f00000, 0x0000000083f00000| Untracked 
|  10|0x0000000084000000, 0x0000000084000000, 0x0000000084100000|  0%| F|  |TAMS 0x0000000084000000, 0x0000000084000000| Untracked 
|  11|0x0000000084100000, 0x0000000084100000, 0x0000000084200000|  0%| F|  |TAMS 0x0000000084100000, 0x0000000084100000| Untracked 
|  12|0x0000000084200000, 0x0000000084200000, 0x0000000084300000|  0%| F|  |TAMS 0x0000000084200000, 0x0000000084200000| Untracked 
|  13|0x0000000084300000, 0x0000000084300000, 0x0000000084400000|  0%| F|  |TAMS 0x0000000084300000, 0x0000000084300000| Untracked 
|  14|0x0000000084400000, 0x0000000084400000, 0x0000000084500000|  0%| F|  |TAMS 0x0000000084400000, 0x0000000084400000| Untracked 
|  15|0x0000000084500000, 0x0000000084500000, 0x0000000084600000|  0%| F|  |TAMS 0x0000000084500000, 0x0000000084500000| Untracked 
|  16|0x0000000084600000, 0x0000000084600000, 0x0000000084700000|  0%| F|  |TAMS 0x0000000084600000, 0x0000000084600000| Untracked 
|  17|0x0000000084700000, 0x0000000084700000, 0x0000000084800000|  0%| F|  |TAMS 0x0000000084700000, 0x0000000084700000| Untracked 
|  18|0x0000000084800000, 0x0000000084800000, 0x0000000084900000|  0%| F|  |TAMS 0x0000000084800000, 0x0000000084800000| Untracked 
|  19|0x0000000084900000, 0x0000000084900000, 0x0000000084a00000|  0%| F|  |TAMS 0x0000000084900000, 0x0000000084900000| Untracked 
|  20|0x0000000084a00000, 0x0000000084a00000, 0x0000000084b00000|  0%| F|  |TAMS 0x0000000084a00000, 0x0000000084a00000| Untracked 
|  21|0x0000000084b00000, 0x0000000084b00000, 0x0000000084c00000|  0%| F|  |TAMS 0x0000000084b00000, 0x0000000084b00000| Untracked 
|  22|0x0000000084c00000, 0x0000000084c00000, 0x0000000084d00000|  0%| F|  |TAMS 0x0000000084c00000, 0x0000000084c00000| Untracked 
|  23|0x0000000084d00000, 0x0000000084d00000, 0x0000000084e00000|  0%| F|  |TAMS 0x0000000084d00000, 0x0000000084d00000| Untracked 
|  24|0x0000000084e00000, 0x0000000084e00000, 0x0000000084f00000|  0%| F|  |TAMS 0x0000000084e00000, 0x0000000084e00000| Untracked 
|  25|0x0000000084f00000, 0x0000000084f00000, 0x0000000085000000|  0%| F|  |TAMS 0x0000000084f00000, 0x0000000084f00000| Untracked 
|  26|0x0000000085000000, 0x0000000085000000, 0x0000000085100000|  0%| F|  |TAMS 0x0000000085000000, 0x0000000085000000| Untracked 
|  27|0x0000000085100000, 0x0000000085100000, 0x0000000085200000|  0%| F|  |TAMS 0x0000000085100000, 0x0000000085100000| Untracked 
|  28|0x0000000085200000, 0x0000000085200000, 0x0000000085300000|  0%| F|  |TAMS 0x0000000085200000, 0x0000000085200000| Untracked 
|  29|0x0000000085300000, 0x0000000085300000, 0x0000000085400000|  0%| F|  |TAMS 0x0000000085300000, 0x0000000085300000| Untracked 
|  30|0x0000000085400000, 0x0000000085400000, 0x0000000085500000|  0%| F|  |TAMS 0x0000000085400000, 0x0000000085400000| Untracked 
|  31|0x0000000085500000, 0x0000000085500000, 0x0000000085600000|  0%| F|  |TAMS 0x0000000085500000, 0x0000000085500000| Untracked 
|  32|0x0000000085600000, 0x0000000085600000, 0x0000000085700000|  0%| F|  |TAMS 0x0000000085600000, 0x0000000085600000| Untracked 
|  33|0x0000000085700000, 0x0000000085700000, 0x0000000085800000|  0%| F|  |TAMS 0x0000000085700000, 0x0000000085700000| Untracked 
|  34|0x0000000085800000, 0x0000000085800000, 0x0000000085900000|  0%| F|  |TAMS 0x0000000085800000, 0x0000000085800000| Untracked 
|  35|0x0000000085900000, 0x0000000085900000, 0x0000000085a00000|  0%| F|  |TAMS 0x0000000085900000, 0x0000000085900000| Untracked 
|  36|0x0000000085a00000, 0x0000000085a00000, 0x0000000085b00000|  0%| F|  |TAMS 0x0000000085a00000, 0x0000000085a00000| Untracked 
|  37|0x0000000085b00000, 0x0000000085b00000, 0x0000000085c00000|  0%| F|  |TAMS 0x0000000085b00000, 0x0000000085b00000| Untracked 
|  38|0x0000000085c00000, 0x0000000085c00000, 0x0000000085d00000|  0%| F|  |TAMS 0x0000000085c00000, 0x0000000085c00000| Untracked 
|  39|0x0000000085d00000, 0x0000000085d00000, 0x0000000085e00000|  0%| F|  |TAMS 0x0000000085d00000, 0x0000000085d00000| Untracked 
|  40|0x0000000085e00000, 0x0000000085e00000, 0x0000000085f00000|  0%| F|  |TAMS 0x0000000085e00000, 0x0000000085e00000| Untracked 
|  41|0x0000000085f00000, 0x0000000085f00000, 0x0000000086000000|  0%| F|  |TAMS 0x0000000085f00000, 0x0000000085f00000| Untracked 
|  42|0x0000000086000000, 0x0000000086000000, 0x0000000086100000|  0%| F|  |TAMS 0x0000000086000000, 0x0000000086000000| Untracked 
|  43|0x0000000086100000, 0x0000000086100000, 0x0000000086200000|  0%| F|  |TAMS 0x0000000086100000, 0x0000000086100000| Untracked 
|  44|0x0000000086200000, 0x0000000086200000, 0x0000000086300000|  0%| F|  |TAMS 0x0000000086200000, 0x0000000086200000| Untracked 
|  45|0x0000000086300000, 0x0000000086300000, 0x0000000086400000|  0%| F|  |TAMS 0x0000000086300000, 0x0000000086300000| Untracked 
|  46|0x0000000086400000, 0x0000000086400000, 0x0000000086500000|  0%| F|  |TAMS 0x0000000086400000, 0x0000000086400000| Untracked 
|  47|0x0000000086500000, 0x0000000086500000, 0x0000000086600000|  0%| F|  |TAMS 0x0000000086500000, 0x0000000086500000| Untracked 
|  48|0x0000000086600000, 0x0000000086600000, 0x0000000086700000|  0%| F|  |TAMS 0x0000000086600000, 0x0000000086600000| Untracked 
|  49|0x0000000086700000, 0x0000000086700000, 0x0000000086800000|  0%| F|  |TAMS 0x0000000086700000, 0x0000000086700000| Untracked 
|  50|0x0000000086800000, 0x0000000086800000, 0x0000000086900000|  0%| F|  |TAMS 0x0000000086800000, 0x0000000086800000| Untracked 
|  51|0x0000000086900000, 0x0000000086900000, 0x0000000086a00000|  0%| F|  |TAMS 0x0000000086900000, 0x0000000086900000| Untracked 
|  52|0x0000000086a00000, 0x0000000086a00000, 0x0000000086b00000|  0%| F|  |TAMS 0x0000000086a00000, 0x0000000086a00000| Untracked 
|  53|0x0000000086b00000, 0x0000000086b00000, 0x0000000086c00000|  0%| F|  |TAMS 0x0000000086b00000, 0x0000000086b00000| Untracked 
|  54|0x0000000086c00000, 0x0000000086c00000, 0x0000000086d00000|  0%| F|  |TAMS 0x0000000086c00000, 0x0000000086c00000| Untracked 
|  55|0x0000000086d00000, 0x0000000086d00000, 0x0000000086e00000|  0%| F|  |TAMS 0x0000000086d00000, 0x0000000086d00000| Untracked 
|  56|0x0000000086e00000, 0x0000000086e00000, 0x0000000086f00000|  0%| F|  |TAMS 0x0000000086e00000, 0x0000000086e00000| Untracked 
|  57|0x0000000086f00000, 0x0000000086f00000, 0x0000000087000000|  0%| F|  |TAMS 0x0000000086f00000, 0x0000000086f00000| Untracked 
|  58|0x0000000087000000, 0x0000000087000000, 0x0000000087100000|  0%| F|  |TAMS 0x0000000087000000, 0x0000000087000000| Untracked 
|  59|0x0000000087100000, 0x0000000087100000, 0x0000000087200000|  0%| F|  |TAMS 0x0000000087100000, 0x0000000087100000| Untracked 
|  60|0x0000000087200000, 0x0000000087200000, 0x0000000087300000|  0%| F|  |TAMS 0x0000000087200000, 0x0000000087200000| Untracked 
|  61|0x0000000087300000, 0x0000000087300000, 0x0000000087400000|  0%| F|  |TAMS 0x0000000087300000, 0x0000000087300000| Untracked 
|  62|0x0000000087400000, 0x0000000087400000, 0x0000000087500000|  0%| F|  |TAMS 0x0000000087400000, 0x0000000087400000| Untracked 
|  63|0x0000000087500000, 0x0000000087500000, 0x0000000087600000|  0%| F|  |TAMS 0x0000000087500000, 0x0000000087500000| Untracked 
|  64|0x0000000087600000, 0x0000000087600000, 0x0000000087700000|  0%| F|  |TAMS 0x0000000087600000, 0x0000000087600000| Untracked 
|  65|0x0000000087700000, 0x0000000087700000, 0x0000000087800000|  0%| F|  |TAMS 0x0000000087700000, 0x0000000087700000| Untracked 
|  66|0x0000000087800000, 0x0000000087800000, 0x0000000087900000|  0%| F|  |TAMS 0x0000000087800000, 0x0000000087800000| Untracked 
|  67|0x0000000087900000, 0x0000000087900000, 0x0000000087a00000|  0%| F|  |TAMS 0x0000000087900000, 0x0000000087900000| Untracked 
|  68|0x0000000087a00000, 0x0000000087a00000, 0x0000000087b00000|  0%| F|  |TAMS 0x0000000087a00000, 0x0000000087a00000| Untracked 
|  69|0x0000000087b00000, 0x0000000087b00000, 0x0000000087c00000|  0%| F|  |TAMS 0x0000000087b00000, 0x0000000087b00000| Untracked 
|  70|0x0000000087c00000, 0x0000000087c00000, 0x0000000087d00000|  0%| F|  |TAMS 0x0000000087c00000, 0x0000000087c00000| Untracked 
|  71|0x0000000087d00000, 0x0000000087d00000, 0x0000000087e00000|  0%| F|  |TAMS 0x0000000087d00000, 0x0000000087d00000| Untracked 
|  72|0x0000000087e00000, 0x0000000087e00000, 0x0000000087f00000|  0%| F|  |TAMS 0x0000000087e00000, 0x0000000087e00000| Untracked 
|  73|0x0000000087f00000, 0x0000000087f00000, 0x0000000088000000|  0%| F|  |TAMS 0x0000000087f00000, 0x0000000087f00000| Untracked 
|  74|0x0000000088000000, 0x0000000088000000, 0x0000000088100000|  0%| F|  |TAMS 0x0000000088000000, 0x0000000088000000| Untracked 
|  75|0x0000000088100000, 0x0000000088100000, 0x0000000088200000|  0%| F|  |TAMS 0x0000000088100000, 0x0000000088100000| Untracked 
|  76|0x0000000088200000, 0x0000000088200000, 0x0000000088300000|  0%| F|  |TAMS 0x0000000088200000, 0x0000000088200000| Untracked 
|  77|0x0000000088300000, 0x0000000088300000, 0x0000000088400000|  0%| F|  |TAMS 0x0000000088300000, 0x0000000088300000| Untracked 
|  78|0x0000000088400000, 0x0000000088400000, 0x0000000088500000|  0%| F|  |TAMS 0x0000000088400000, 0x0000000088400000| Untracked 
|  79|0x0000000088500000, 0x0000000088500000, 0x0000000088600000|  0%| F|  |TAMS 0x0000000088500000, 0x0000000088500000| Untracked 
|  80|0x0000000088600000, 0x0000000088600000, 0x0000000088700000|  0%| F|  |TAMS 0x0000000088600000, 0x0000000088600000| Untracked 
|  81|0x0000000088700000, 0x0000000088700000, 0x0000000088800000|  0%| F|  |TAMS 0x0000000088700000, 0x0000000088700000| Untracked 
|  82|0x0000000088800000, 0x0000000088800000, 0x0000000088900000|  0%| F|  |TAMS 0x0000000088800000, 0x0000000088800000| Untracked 
|  83|0x0000000088900000, 0x0000000088900000, 0x0000000088a00000|  0%| F|  |TAMS 0x0000000088900000, 0x0000000088900000| Untracked 
|  84|0x0000000088a00000, 0x0000000088a00000, 0x0000000088b00000|  0%| F|  |TAMS 0x0000000088a00000, 0x0000000088a00000| Untracked 
|  85|0x0000000088b00000, 0x0000000088b00000, 0x0000000088c00000|  0%| F|  |TAMS 0x0000000088b00000, 0x0000000088b00000| Untracked 
|  86|0x0000000088c00000, 0x0000000088c00000, 0x0000000088d00000|  0%| F|  |TAMS 0x0000000088c00000, 0x0000000088c00000| Untracked 
|  87|0x0000000088d00000, 0x0000000088d00000, 0x0000000088e00000|  0%| F|  |TAMS 0x0000000088d00000, 0x0000000088d00000| Untracked 
|  88|0x0000000088e00000, 0x0000000088e00000, 0x0000000088f00000|  0%| F|  |TAMS 0x0000000088e00000, 0x0000000088e00000| Untracked 
|  89|0x0000000088f00000, 0x0000000088f00000, 0x0000000089000000|  0%| F|  |TAMS 0x0000000088f00000, 0x0000000088f00000| Untracked 
|  90|0x0000000089000000, 0x0000000089000000, 0x0000000089100000|  0%| F|  |TAMS 0x0000000089000000, 0x0000000089000000| Untracked 
|  91|0x0000000089100000, 0x0000000089100000, 0x0000000089200000|  0%| F|  |TAMS 0x0000000089100000, 0x0000000089100000| Untracked 
|  92|0x0000000089200000, 0x0000000089200000, 0x0000000089300000|  0%| F|  |TAMS 0x0000000089200000, 0x0000000089200000| Untracked 
|  93|0x0000000089300000, 0x0000000089300000, 0x0000000089400000|  0%| F|  |TAMS 0x0000000089300000, 0x0000000089300000| Untracked 
|  94|0x0000000089400000, 0x0000000089400000, 0x0000000089500000|  0%| F|  |TAMS 0x0000000089400000, 0x0000000089400000| Untracked 
|  95|0x0000000089500000, 0x0000000089500000, 0x0000000089600000|  0%| F|  |TAMS 0x0000000089500000, 0x0000000089500000| Untracked 
|  96|0x0000000089600000, 0x0000000089600000, 0x0000000089700000|  0%| F|  |TAMS 0x0000000089600000, 0x0000000089600000| Untracked 
|  97|0x0000000089700000, 0x0000000089700000, 0x0000000089800000|  0%| F|  |TAMS 0x0000000089700000, 0x0000000089700000| Untracked 
|  98|0x0000000089800000, 0x0000000089800000, 0x0000000089900000|  0%| F|  |TAMS 0x0000000089800000, 0x0000000089800000| Untracked 
|  99|0x0000000089900000, 0x0000000089900000, 0x0000000089a00000|  0%| F|  |TAMS 0x0000000089900000, 0x0000000089900000| Untracked 
| 100|0x0000000089a00000, 0x0000000089a00000, 0x0000000089b00000|  0%| F|  |TAMS 0x0000000089a00000, 0x0000000089a00000| Untracked 
| 101|0x0000000089b00000, 0x0000000089b00000, 0x0000000089c00000|  0%| F|  |TAMS 0x0000000089b00000, 0x0000000089b00000| Untracked 
| 102|0x0000000089c00000, 0x0000000089c00000, 0x0000000089d00000|  0%| F|  |TAMS 0x0000000089c00000, 0x0000000089c00000| Untracked 
| 103|0x0000000089d00000, 0x0000000089d00000, 0x0000000089e00000|  0%| F|  |TAMS 0x0000000089d00000, 0x0000000089d00000| Untracked 
| 104|0x0000000089e00000, 0x0000000089e00000, 0x0000000089f00000|  0%| F|  |TAMS 0x0000000089e00000, 0x0000000089e00000| Untracked 
| 105|0x0000000089f00000, 0x0000000089f00000, 0x000000008a000000|  0%| F|  |TAMS 0x0000000089f00000, 0x0000000089f00000| Untracked 
| 106|0x000000008a000000, 0x000000008a000000, 0x000000008a100000|  0%| F|  |TAMS 0x000000008a000000, 0x000000008a000000| Untracked 
| 107|0x000000008a100000, 0x000000008a1ec0a0, 0x000000008a200000| 92%| E|  |TAMS 0x000000008a100000, 0x000000008a100000| Complete 
| 108|0x000000008a200000, 0x000000008a300000, 0x000000008a300000|100%| E|CS|TAMS 0x000000008a200000, 0x000000008a200000| Complete 
| 109|0x000000008a300000, 0x000000008a400000, 0x000000008a400000|100%| E|CS|TAMS 0x000000008a300000, 0x000000008a300000| Complete 
| 110|0x000000008a400000, 0x000000008a500000, 0x000000008a500000|100%| E|CS|TAMS 0x000000008a400000, 0x000000008a400000| Complete 
| 111|0x000000008a500000, 0x000000008a600000, 0x000000008a600000|100%| E|CS|TAMS 0x000000008a500000, 0x000000008a500000| Complete 
| 112|0x000000008a600000, 0x000000008a700000, 0x000000008a700000|100%| E|CS|TAMS 0x000000008a600000, 0x000000008a600000| Complete 
| 113|0x000000008a700000, 0x000000008a800000, 0x000000008a800000|100%| E|CS|TAMS 0x000000008a700000, 0x000000008a700000| Complete 
| 114|0x000000008a800000, 0x000000008a900000, 0x000000008a900000|100%| E|CS|TAMS 0x000000008a800000, 0x000000008a800000| Complete 
| 115|0x000000008a900000, 0x000000008aa00000, 0x000000008aa00000|100%| E|CS|TAMS 0x000000008a900000, 0x000000008a900000| Complete 
| 116|0x000000008aa00000, 0x000000008ab00000, 0x000000008ab00000|100%| E|CS|TAMS 0x000000008aa00000, 0x000000008aa00000| Complete 
| 117|0x000000008ab00000, 0x000000008ac00000, 0x000000008ac00000|100%| E|CS|TAMS 0x000000008ab00000, 0x000000008ab00000| Complete 
| 118|0x000000008ac00000, 0x000000008ad00000, 0x000000008ad00000|100%| E|CS|TAMS 0x000000008ac00000, 0x000000008ac00000| Complete 
| 119|0x000000008ad00000, 0x000000008ae00000, 0x000000008ae00000|100%| E|CS|TAMS 0x000000008ad00000, 0x000000008ad00000| Complete 
| 120|0x000000008ae00000, 0x000000008af00000, 0x000000008af00000|100%| E|CS|TAMS 0x000000008ae00000, 0x000000008ae00000| Complete 
| 121|0x000000008af00000, 0x000000008b000000, 0x000000008b000000|100%| E|CS|TAMS 0x000000008af00000, 0x000000008af00000| Complete 
| 122|0x000000008b000000, 0x000000008b100000, 0x000000008b100000|100%| E|CS|TAMS 0x000000008b000000, 0x000000008b000000| Complete 
| 123|0x000000008b100000, 0x000000008b200000, 0x000000008b200000|100%| E|CS|TAMS 0x000000008b100000, 0x000000008b100000| Complete 
| 124|0x000000008b200000, 0x000000008b300000, 0x000000008b300000|100%| E|CS|TAMS 0x000000008b200000, 0x000000008b200000| Complete 
| 125|0x000000008b300000, 0x000000008b400000, 0x000000008b400000|100%| E|CS|TAMS 0x000000008b300000, 0x000000008b300000| Complete 

Card table byte_map: [0x0000020b3d640000,0x0000020b3da30000] _byte_map_base: 0x0000020b3d225000

Marking Bits (Prev, Next): (CMBitMap*) 0x0000020b2664c530, (CMBitMap*) 0x0000020b2664c570
 Prev Bits: [0x0000020b3de20000, 0x0000020b3fd48000)
 Next Bits: [0x0000020b3fd50000, 0x0000020b41c78000)

Polling page: 0x0000020b24520000

Metaspace:

Usage:
  Non-class:      7.59 MB used.
      Class:    926.70 KB used.
       Both:      8.49 MB used.

Virtual space:
  Non-class space:       64.00 MB reserved,       7.69 MB ( 12%) committed,  1 nodes.
      Class space:        1.00 GB reserved,       1.00 MB ( <1%) committed,  1 nodes.
             Both:        1.06 GB reserved,       8.69 MB ( <1%) committed. 

Chunk freelists:
   Non-Class:  252.00 KB
       Class:  3.05 MB
        Both:  3.30 MB

MaxMetaspaceSize: unlimited
CompressedClassSpaceSize: 1.00 GB
Initial GC threshold: 21.00 MB
Current GC threshold: 21.00 MB
CDS: on
MetaspaceReclaimPolicy: balanced
 - commit_granule_bytes: 65536.
 - commit_granule_words: 8192.
 - virtual_space_node_default_size: 8388608.
 - enlarge_chunks_in_place: 1.
 - new_chunks_are_fully_committed: 0.
 - uncommit_free_chunks: 1.
 - use_allocation_guard: 0.


Internal statistics:

num_allocs_failed_limit: 0.
num_arena_births: 126.
num_arena_deaths: 0.
num_vsnodes_births: 2.
num_vsnodes_deaths: 0.
num_space_committed: 139.
num_space_uncommitted: 0.
num_chunks_returned_to_freelist: 0.
num_chunks_taken_from_freelist: 182.
num_chunk_merges: 0.
num_chunk_splits: 95.
num_chunks_enlarged: 22.
num_inconsistent_stats: 0.

CodeHeap 'non-profiled nmethods': size=120000Kb used=408Kb max_used=408Kb free=119591Kb
 bounds [0x0000020b359f0000, 0x0000020b35c60000, 0x0000020b3cf20000]
CodeHeap 'profiled nmethods': size=120000Kb used=2852Kb max_used=2852Kb free=117147Kb
 bounds [0x0000020b2e4c0000, 0x0000020b2e790000, 0x0000020b359f0000]
CodeHeap 'non-nmethods': size=5760Kb used=1289Kb max_used=1305Kb free=4470Kb
 bounds [0x0000020b2df20000, 0x0000020b2e190000, 0x0000020b2e4c0000]
 total_blobs=2193 nmethods=1600 adapters=506
 compilation: enabled
              stopped_count=0, restarted_count=0
 full_count=0

Compilation events (20 events):
Event: 11.296 Thread 0x0000020b4469ab40 nmethod 1591 0x0000020b2e784510 code [0x0000020b2e784740, 0x0000020b2e785578]
Event: 11.360 Thread 0x0000020b4469ab40 1592       3       java.awt.Toolkit::notifyAWTEventListeners (36 bytes)
Event: 11.361 Thread 0x0000020b4469ab40 nmethod 1592 0x0000020b2e785610 code [0x0000020b2e785800, 0x0000020b2e785de8]
Event: 11.361 Thread 0x0000020b4469ab40 1593       3       java.awt.Component::areInputMethodsEnabled (39 bytes)
Event: 11.361 Thread 0x0000020b4469ab40 nmethod 1593 0x0000020b2e785f10 code [0x0000020b2e7860a0, 0x0000020b2e7862b8]
Event: 12.464 Thread 0x0000020b4469ab40 1594       3       java.awt.KeyboardFocusManager::checkKFMSecurity (11 bytes)
Event: 12.464 Thread 0x0000020b4469ab40 nmethod 1594 0x0000020b2e786390 code [0x0000020b2e786560, 0x0000020b2e786898]
Event: 3495.948 Thread 0x0000020b4469ab40 1595       3       java.beans.PropertyChangeSupport::firePropertyChange (35 bytes)
Event: 3495.950 Thread 0x0000020b4469ab40 nmethod 1595 0x0000020b2e786a10 code [0x0000020b2e786c00, 0x0000020b2e7873a8]
Event: 3495.982 Thread 0x0000020b4469ab40 1596       3       java.lang.invoke.DirectMethodHandle$Holder::invokeStatic (15 bytes)
Event: 3495.983 Thread 0x0000020b4469ab40 nmethod 1596 0x0000020b2e787610 code [0x0000020b2e7877e0, 0x0000020b2e787d58]
Event: 3495.985 Thread 0x0000020b4469ab40 1597   !   3       java.awt.Toolkit::setDesktopProperty (81 bytes)
Event: 3495.985 Thread 0x0000020b4469ab40 nmethod 1597 0x0000020b2e787e90 code [0x0000020b2e7880a0, 0x0000020b2e7888e8]
Event: 6030.329 Thread 0x0000020b4469ab40 1598       3       java.lang.Integer::equals (29 bytes)
Event: 6030.331 Thread 0x0000020b4469ab40 nmethod 1598 0x0000020b2e788b90 code [0x0000020b2e788d40, 0x0000020b2e789138]
Event: 6030.561 Thread 0x0000020b44674c40 1599       4       java.lang.StringLatin1::compareTo (52 bytes)
Event: 6030.584 Thread 0x0000020b44674c40 nmethod 1599 0x0000020b35a54d90 code [0x0000020b35a54f00, 0x0000020b35a550d8]
Event: 10062.412 Thread 0x0000020b44674c40 1600       4       java.util.HashMap::resize (356 bytes)
Event: 10062.608 Thread 0x0000020b44674c40 nmethod 1600 0x0000020b35a55190 code [0x0000020b35a55360, 0x0000020b35a55f18]
Event: 78375.599 Thread 0x0000020b44674c40 1601       4       java.util.Arrays::binarySearch0 (95 bytes)

GC Heap History (0 events):
No events

Deoptimization events (20 events):
Event: 0.526 Thread 0x0000020b48bfdbe0 Uncommon trap: trap_request=0xffffff45 fr.pc=0x0000020b35a306bc relative=0x00000000000003fc
Event: 0.526 Thread 0x0000020b48bfdbe0 Uncommon trap: reason=unstable_if action=reinterpret pc=0x0000020b35a306bc method=java.lang.Character.isSurrogate(C)Z @ 3 c2
Event: 0.526 Thread 0x0000020b48bfdbe0 DEOPT PACKING pc=0x0000020b35a306bc sp=0x0000003ee15fcca0
Event: 0.526 Thread 0x0000020b48bfdbe0 DEOPT UNPACKING pc=0x0000020b2df75c23 sp=0x0000003ee15fcbc8 mode 2
Event: 2.657 Thread 0x0000020b48bfdbe0 Uncommon trap: trap_request=0xffffffde fr.pc=0x0000020b35a0c9a4 relative=0x00000000000001a4
Event: 2.657 Thread 0x0000020b48bfdbe0 Uncommon trap: reason=class_check action=maybe_recompile pc=0x0000020b35a0c9a4 method=java.lang.String.equals(Ljava/lang/Object;)Z @ 8 c2
Event: 2.657 Thread 0x0000020b48bfdbe0 DEOPT PACKING pc=0x0000020b35a0c9a4 sp=0x0000003ee15fe0f0
Event: 2.657 Thread 0x0000020b48bfdbe0 DEOPT UNPACKING pc=0x0000020b2df75c23 sp=0x0000003ee15fe098 mode 2
Event: 2.657 Thread 0x0000020b48bfdbe0 Uncommon trap: trap_request=0xffffffde fr.pc=0x0000020b35a0c9a4 relative=0x00000000000001a4
Event: 2.657 Thread 0x0000020b48bfdbe0 Uncommon trap: reason=class_check action=maybe_recompile pc=0x0000020b35a0c9a4 method=java.lang.String.equals(Ljava/lang/Object;)Z @ 8 c2
Event: 2.657 Thread 0x0000020b48bfdbe0 DEOPT PACKING pc=0x0000020b35a0c9a4 sp=0x0000003ee15fe0f0
Event: 2.657 Thread 0x0000020b48bfdbe0 DEOPT UNPACKING pc=0x0000020b2df75c23 sp=0x0000003ee15fe098 mode 2
Event: 2.700 Thread 0x0000020b48bfdbe0 Uncommon trap: trap_request=0xffffffde fr.pc=0x0000020b35a0c9a4 relative=0x00000000000001a4
Event: 2.700 Thread 0x0000020b48bfdbe0 Uncommon trap: reason=class_check action=maybe_recompile pc=0x0000020b35a0c9a4 method=java.lang.String.equals(Ljava/lang/Object;)Z @ 8 c2
Event: 2.700 Thread 0x0000020b48bfdbe0 DEOPT PACKING pc=0x0000020b35a0c9a4 sp=0x0000003ee15fe0f0
Event: 2.700 Thread 0x0000020b48bfdbe0 DEOPT UNPACKING pc=0x0000020b2df75c23 sp=0x0000003ee15fe098 mode 2
Event: 2.700 Thread 0x0000020b48bfdbe0 Uncommon trap: trap_request=0xffffffde fr.pc=0x0000020b35a0c9a4 relative=0x00000000000001a4
Event: 2.700 Thread 0x0000020b48bfdbe0 Uncommon trap: reason=class_check action=maybe_recompile pc=0x0000020b35a0c9a4 method=java.lang.String.equals(Ljava/lang/Object;)Z @ 8 c2
Event: 2.700 Thread 0x0000020b48bfdbe0 DEOPT PACKING pc=0x0000020b35a0c9a4 sp=0x0000003ee15fe0f0
Event: 2.700 Thread 0x0000020b48bfdbe0 DEOPT UNPACKING pc=0x0000020b2df75c23 sp=0x0000003ee15fe098 mode 2

Classes loaded (20 events):
Event: 4.951 Loading class javax/swing/text/GapContent$RemoveUndo
Event: 4.951 Loading class javax/swing/text/GapContent$RemoveUndo done
Event: 6.889 Loading class javax/swing/text/GapContent$UndoPosRef
Event: 6.889 Loading class javax/swing/text/GapContent$UndoPosRef done
Event: 11.381 Loading class java/awt/LightweightDispatcher$2
Event: 11.382 Loading class java/awt/LightweightDispatcher$2 done
Event: 12.449 Loading class java/awt/KeyboardFocusManager$2
Event: 12.449 Loading class java/awt/KeyboardFocusManager$2 done
Event: 12.449 Loading class sun/awt/SunToolkit$1
Event: 12.449 Loading class sun/awt/SunToolkit$1 done
Event: 20452.511 Loading class java/awt/desktop/SystemSleepListener
Event: 20452.516 Loading class java/awt/desktop/SystemEventListener
Event: 20452.518 Loading class java/awt/desktop/SystemEventListener done
Event: 20452.519 Loading class java/awt/desktop/SystemSleepListener done
Event: 78375.178 Loading class java/util/WeakHashMap$KeyIterator
Event: 78375.219 Loading class java/util/WeakHashMap$HashIterator
Event: 78375.237 Loading class java/util/WeakHashMap$HashIterator done
Event: 78375.237 Loading class java/util/WeakHashMap$KeyIterator done
Event: 78375.390 Loading class javax/swing/RepaintManager$DisplayChangedRunnable
Event: 78375.412 Loading class javax/swing/RepaintManager$DisplayChangedRunnable done

Classes unloaded (0 events):
No events

Classes redefined (0 events):
No events

Internal exceptions (13 events):
Event: 0.064 Thread 0x0000020b265ed3f0 Exception <a 'java/lang/ClassNotFoundException'{0x000000008b24f480}: sun/awt/resources/spi/awtProvider> (0x000000008b24f480) 
thrown [s\open\src\hotspot\share\classfile\systemDictionary.cpp, line 255]
Event: 0.085 Thread 0x0000020b265ed3f0 Exception <a 'java/io/FileNotFoundException'{0x000000008b2a48c8}> (0x000000008b2a48c8) 
thrown [s\open\src\hotspot\share\prims\jni.cpp, line 516]
Event: 0.091 Thread 0x0000020b265ed3f0 Exception <a 'java/io/FileNotFoundException'{0x000000008b2d1888}> (0x000000008b2d1888) 
thrown [s\open\src\hotspot\share\prims\jni.cpp, line 516]
Event: 0.120 Thread 0x0000020b265ed3f0 Exception <a 'java/lang/NoSuchMethodError'{0x000000008b11c590}: 'java.lang.Object java.lang.invoke.DirectMethodHandle$Holder.invokeStaticInit(java.lang.Object)'> (0x000000008b11c590) 
thrown [s\open\src\hotspot\share\interpreter\linkResolver.cpp, line 759]
Event: 0.153 Thread 0x0000020b265ed3f0 Exception <a 'java/lang/NoSuchMethodError'{0x000000008b1660b8}: 'void java.lang.invoke.DirectMethodHandle$Holder.invokeSpecial(java.lang.Object, java.lang.Object, java.lang.Object)'> (0x000000008b1660b8) 
thrown [s\open\src\hotspot\share\interpreter\linkResolver.cpp, line 759]
Event: 0.159 Thread 0x0000020b265ed3f0 Exception <a 'java/lang/NoSuchMethodError'{0x000000008b0074f0}: 'java.lang.Object java.lang.invoke.DirectMethodHandle$Holder.newInvokeSpecial(java.lang.Object, java.lang.Object, java.lang.Object, java.lang.Object, java.lang.Object)'> (0x000000008b0074f0) 
thrown [s\open\src\hotspot\share\interpreter\linkResolver.cpp, line 759]
Event: 0.163 Thread 0x0000020b265ed3f0 Exception <a 'java/lang/NoSuchMethodError'{0x000000008b039000}: 'java.lang.Object java.lang.invoke.DirectMethodHandle$Holder.invokeStatic(java.lang.Object, int, java.lang.Object)'> (0x000000008b039000) 
thrown [s\open\src\hotspot\share\interpreter\linkResolver.cpp, line 759]
Event: 0.181 Thread 0x0000020b265ed3f0 Exception <a 'java/lang/ClassNotFoundException'{0x000000008b0f62f0}: com/sun/swing/internal/plaf/metal/resources/spi/metalProvider> (0x000000008b0f62f0) 
thrown [s\open\src\hotspot\share\classfile\systemDictionary.cpp, line 255]
Event: 0.181 Thread 0x0000020b265ed3f0 Exception <a 'java/lang/ClassNotFoundException'{0x000000008b0fa308}: com/sun/swing/internal/plaf/basic/resources/spi/basicProvider> (0x000000008b0fa308) 
thrown [s\open\src\hotspot\share\classfile\systemDictionary.cpp, line 255]
Event: 0.187 Thread 0x0000020b265ed3f0 Exception <a 'java/lang/NoSuchMethodError'{0x000000008af1b210}: 'int java.lang.invoke.Invokers$Holder.invokeExact_MT(java.lang.Object, java.lang.Object)'> (0x000000008af1b210) 
thrown [s\open\src\hotspot\share\interpreter\linkResolver.cpp, line 759]
Event: 0.231 Thread 0x0000020b48b4a320 Exception <a 'java/lang/NoSuchMethodError'{0x000000008aefbab0}: 'java.lang.Object java.lang.invoke.DirectMethodHandle$Holder.newInvokeSpecial(java.lang.Object, java.lang.Object, java.lang.Object, int, int, int, int, int)'> (0x000000008aefbab0) 
thrown [s\open\src\hotspot\share\interpreter\linkResolver.cpp, line 759]
Event: 0.275 Thread 0x0000020b48ac69e0 Exception <a 'java/lang/NoSuchMethodError'{0x000000008b1868d8}: 'void java.lang.invoke.DirectMethodHandle$Holder.invokeVirtual(java.lang.Object, java.lang.Object)'> (0x000000008b1868d8) 
thrown [s\open\src\hotspot\share\interpreter\linkResolver.cpp, line 759]
Event: 0.284 Thread 0x0000020b265ed3f0 Exception <a 'java/lang/NoSuchMethodError'{0x000000008af70a60}: 'void java.lang.invoke.DirectMethodHandle$Holder.invokeStaticInit(java.lang.Object)'> (0x000000008af70a60) 
thrown [s\open\src\hotspot\share\interpreter\linkResolver.cpp, line 759]

VM Operations (20 events):
Event: 4.423 Executing VM operation: Cleanup
Event: 4.423 Executing VM operation: Cleanup done
Event: 5.434 Executing VM operation: Cleanup
Event: 5.435 Executing VM operation: Cleanup done
Event: 6.447 Executing VM operation: Cleanup
Event: 6.447 Executing VM operation: Cleanup done
Event: 7.454 Executing VM operation: Cleanup
Event: 7.454 Executing VM operation: Cleanup done
Event: 8.463 Executing VM operation: Cleanup
Event: 8.463 Executing VM operation: Cleanup done
Event: 9.474 Executing VM operation: Cleanup
Event: 9.475 Executing VM operation: Cleanup done
Event: 10.487 Executing VM operation: Cleanup
Event: 10.488 Executing VM operation: Cleanup done
Event: 11.502 Executing VM operation: Cleanup
Event: 11.502 Executing VM operation: Cleanup done
Event: 12.510 Executing VM operation: Cleanup
Event: 12.510 Executing VM operation: Cleanup done
Event: 3496.689 Executing VM operation: Cleanup
Event: 3496.690 Executing VM operation: Cleanup done

Events (20 events):
Event: 0.042 Thread 0x0000020b488ce230 Thread added: 0x0000020b488ce230
Event: 0.059 Loaded shared library C:\Program Files\Java\jdk-18.0.2.1\bin\jimage.dll
Event: 0.075 Loaded shared library C:\Program Files\Java\jdk-18.0.2.1\bin\awt.dll
Event: 0.121 Thread 0x0000020b48abcad0 Thread added: 0x0000020b48abcad0
Event: 0.121 Thread 0x0000020b48abfa50 Thread added: 0x0000020b48abfa50
Event: 0.122 Thread 0x0000020b48ac69e0 Thread added: 0x0000020b48ac69e0
Event: 0.191 Thread 0x0000020b48b4a320 Thread added: 0x0000020b48b4a320
Event: 0.201 Loaded shared library C:\Program Files\Java\jdk-18.0.2.1\bin\zip.dll
Event: 0.230 Loaded shared library C:\Program Files\Java\jdk-18.0.2.1\bin\javajpeg.dll
Event: 0.274 Thread 0x0000020b48bfdbe0 Thread added: 0x0000020b48bfdbe0
Event: 0.288 Loaded shared library C:\Program Files\Java\jdk-18.0.2.1\bin\freetype.dll
Event: 0.289 Loaded shared library C:\Program Files\Java\jdk-18.0.2.1\bin\fontmanager.dll
Event: 0.366 Thread 0x0000020b265ed3f0 Thread exited: 0x0000020b265ed3f0
Event: 0.366 Thread 0x0000020b265ed3f0 Thread added: 0x0000020b265ed3f0
Event: 0.385 Loaded shared library C:\Program Files\Java\jdk-18.0.2.1\bin\net.dll
Event: 0.387 Loaded shared library C:\Program Files\Java\jdk-18.0.2.1\bin\nio.dll
Event: 0.541 Thread 0x0000020b49028570 Thread added: 0x0000020b49028570
Event: 0.566 Thread 0x0000020b48f86380 Thread added: 0x0000020b48f86380
Event: 0.921 Thread 0x0000020b49028570 Thread exited: 0x0000020b49028570
Event: 5.249 Thread 0x0000020b48b4a320 Thread exited: 0x0000020b48b4a320


Dynamic libraries:
0x00007ff6052f0000 - 0x00007ff605300000 	C:\Program Files\Java\jdk-18.0.2.1\bin\javaw.exe
0x00007ffa6bbb0000 - 0x00007ffa6bdc4000 	C:\WINDOWS\SYSTEM32\ntdll.dll
0x00007ffa6a620000 - 0x00007ffa6a6e3000 	C:\WINDOWS\System32\KERNEL32.DLL
0x00007ffa694b0000 - 0x00007ffa6984c000 	C:\WINDOWS\System32\KERNELBASE.dll
0x00007ffa69390000 - 0x00007ffa694a1000 	C:\WINDOWS\System32\ucrtbase.dll
0x00007ffa2b560000 - 0x00007ffa2b578000 	C:\Program Files\Java\jdk-18.0.2.1\bin\jli.dll
0x00007ffa2b190000 - 0x00007ffa2b1aa000 	C:\Program Files\Java\jdk-18.0.2.1\bin\VCRUNTIME140.dll
0x00007ffa6b280000 - 0x00007ffa6b32e000 	C:\WINDOWS\System32\ADVAPI32.dll
0x00007ffa6b760000 - 0x00007ffa6b807000 	C:\WINDOWS\System32\msvcrt.dll
0x00007ffa6af40000 - 0x00007ffa6afe4000 	C:\WINDOWS\System32\sechost.dll
0x00007ffa6a350000 - 0x00007ffa6a465000 	C:\WINDOWS\System32\RPCRT4.dll
0x00007ffa6b070000 - 0x00007ffa6b21d000 	C:\WINDOWS\System32\USER32.dll
0x00007ffa68ff0000 - 0x00007ffa69016000 	C:\WINDOWS\System32\win32u.dll
0x00007ffa6a700000 - 0x00007ffa6a729000 	C:\WINDOWS\System32\GDI32.dll
0x00007ffa42e00000 - 0x00007ffa4308e000 	C:\WINDOWS\WinSxS\amd64_microsoft.windows.common-controls_6595b64144ccf1df_6.0.22621.608_none_a9444ca7c10bb01d\COMCTL32.dll
0x00007ffa69090000 - 0x00007ffa691a3000 	C:\WINDOWS\System32\gdi32full.dll
0x00007ffa692f0000 - 0x00007ffa6938a000 	C:\WINDOWS\System32\msvcp_win.dll
0x00007ffa61fd0000 - 0x00007ffa61fda000 	C:\WINDOWS\SYSTEM32\VERSION.dll
0x00007ffa6b720000 - 0x00007ffa6b751000 	C:\WINDOWS\System32\IMM32.DLL
0x00007ffa48190000 - 0x00007ffa4819c000 	C:\Program Files\Java\jdk-18.0.2.1\bin\vcruntime140_1.dll
0x00007ffa0e040000 - 0x00007ffa0e0cd000 	C:\Program Files\Java\jdk-18.0.2.1\bin\msvcp140.dll
0x00007ff9cf190000 - 0x00007ff9cfda1000 	C:\Program Files\Java\jdk-18.0.2.1\bin\server\jvm.dll
0x00007ffa69c10000 - 0x00007ffa69c18000 	C:\WINDOWS\System32\PSAPI.DLL
0x00007ffa44ad0000 - 0x00007ffa44ad9000 	C:\WINDOWS\SYSTEM32\WSOCK32.dll
0x00007ffa699c0000 - 0x00007ffa69a31000 	C:\WINDOWS\System32\WS2_32.dll
0x00007ffa62640000 - 0x00007ffa62674000 	C:\WINDOWS\SYSTEM32\WINMM.dll
0x00007ffa67ff0000 - 0x00007ffa68008000 	C:\WINDOWS\SYSTEM32\kernel.appcore.dll
0x00007ffa47820000 - 0x00007ffa4782a000 	C:\Program Files\Java\jdk-18.0.2.1\bin\jimage.dll
0x00007ffa66770000 - 0x00007ffa6699e000 	C:\WINDOWS\SYSTEM32\DBGHELP.DLL
0x00007ffa6b390000 - 0x00007ffa6b719000 	C:\WINDOWS\System32\combase.dll
0x00007ffa69ad0000 - 0x00007ffa69ba7000 	C:\WINDOWS\System32\OLEAUT32.dll
0x00007ffa58260000 - 0x00007ffa58292000 	C:\WINDOWS\SYSTEM32\dbgcore.DLL
0x00007ffa691b0000 - 0x00007ffa6922b000 	C:\WINDOWS\System32\bcryptPrimitives.dll
0x00007ffa297e0000 - 0x00007ffa29805000 	C:\Program Files\Java\jdk-18.0.2.1\bin\java.dll
0x00007ffa05260000 - 0x00007ffa05336000 	C:\Program Files\Java\jdk-18.0.2.1\bin\jsvml.dll
0x00007ffa6a750000 - 0x00007ffa6af40000 	C:\WINDOWS\System32\SHELL32.dll
0x00007ffa67000000 - 0x00007ffa678ce000 	C:\WINDOWS\SYSTEM32\windows.storage.dll
0x00007ffa66ec0000 - 0x00007ffa66ffe000 	C:\WINDOWS\SYSTEM32\wintypes.dll
0x00007ffa69c20000 - 0x00007ffa69d11000 	C:\WINDOWS\System32\SHCORE.dll
0x00007ffa69bb0000 - 0x00007ffa69c0e000 	C:\WINDOWS\System32\shlwapi.dll
0x00007ffa68f20000 - 0x00007ffa68f41000 	C:\WINDOWS\SYSTEM32\profapi.dll
0x00007ffa40fb0000 - 0x00007ffa4113f000 	C:\Program Files\Java\jdk-18.0.2.1\bin\awt.dll
0x00007ffa64fc0000 - 0x00007ffa65057000 	C:\WINDOWS\SYSTEM32\apphelp.dll
0x00007ffa65900000 - 0x00007ffa6592b000 	C:\WINDOWS\system32\DWMAPI.DLL
0x00007ffa654f0000 - 0x00007ffa6559b000 	C:\WINDOWS\system32\uxtheme.dll
0x00007ffa30e40000 - 0x00007ffa30f40000 	C:\WINDOWS\system32\opengl32.dll
0x00007ffa32e90000 - 0x00007ffa32ebd000 	C:\WINDOWS\SYSTEM32\GLU32.dll
0x00007ffa65d90000 - 0x00007ffa65dc6000 	C:\WINDOWS\SYSTEM32\dxcore.dll
0x00007ffa6a4a0000 - 0x00007ffa6a5be000 	C:\WINDOWS\System32\MSCTF.dll
0x00007ffa6b9d0000 - 0x00007ffa6bb6c000 	C:\WINDOWS\System32\ole32.dll
0x00007ffa28970000 - 0x00007ffa28988000 	C:\Program Files\Java\jdk-18.0.2.1\bin\zip.dll
0x00007ffa570c0000 - 0x00007ffa570ed000 	C:\Program Files\Java\jdk-18.0.2.1\bin\javajpeg.dll
0x00007ffa2a1a0000 - 0x00007ffa2a226000 	C:\Program Files\Java\jdk-18.0.2.1\bin\freetype.dll
0x00007ffa25410000 - 0x00007ffa254b8000 	C:\Program Files\Java\jdk-18.0.2.1\bin\fontmanager.dll
0x00007ffa6a2a0000 - 0x00007ffa6a350000 	C:\WINDOWS\System32\clbcatq.dll
0x00007ffa63f00000 - 0x00007ffa640b0000 	C:\WINDOWS\SYSTEM32\WindowsCodecs.dll
0x00007ffa2b8d0000 - 0x00007ffa2b92e000 	C:\WINDOWS\system32\dataexchange.dll
0x00007ffa63c10000 - 0x00007ffa63e7a000 	C:\WINDOWS\system32\twinapi.appcore.dll
0x00007ffa438e0000 - 0x00007ffa43a0e000 	C:\WINDOWS\SYSTEM32\textinputframework.dll
0x00007ffa2b930000 - 0x00007ffa2b999000 	C:\WINDOWS\system32\Oleacc.dll
0x00007ffa2b0c0000 - 0x00007ffa2b0d3000 	C:\Program Files\Java\jdk-18.0.2.1\bin\net.dll
0x00007ffa64700000 - 0x00007ffa6482f000 	C:\WINDOWS\SYSTEM32\WINHTTP.dll
0x00007ffa684b0000 - 0x00007ffa68519000 	C:\WINDOWS\system32\mswsock.dll
0x00007ffa28e30000 - 0x00007ffa28e46000 	C:\Program Files\Java\jdk-18.0.2.1\bin\nio.dll
0x00007ffa64db0000 - 0x00007ffa64ee3000 	C:\WINDOWS\SYSTEM32\CoreMessaging.dll
0x00007ffa553a0000 - 0x00007ffa5570c000 	C:\WINDOWS\SYSTEM32\CoreUIComponents.dll
0x00007ffa68730000 - 0x00007ffa6873c000 	C:\WINDOWS\SYSTEM32\CRYPTBASE.DLL

dbghelp: loaded successfully - version: 4.0.5 - missing functions: none
symbol engine: initialized successfully - sym options: 0x614 - pdb path: .;C:\Program Files\Java\jdk-18.0.2.1\bin;C:\WINDOWS\SYSTEM32;C:\WINDOWS\WinSxS\amd64_microsoft.windows.common-controls_6595b64144ccf1df_6.0.22621.608_none_a9444ca7c10bb01d;C:\Program Files\Java\jdk-18.0.2.1\bin\server

VM Arguments:
jvm_args: -Dfile.encoding=UTF-8 -XX:+ShowCodeDetailsInExceptionMessages 
java_command: bank.management.system.Login
java_class_path (initial): C:\Users\me_an\eclipse-workspace\bank management system\bin
Launcher Type: SUN_STANDARD

[Global flags]
     intx CICompilerCount                          = 4                                         {product} {ergonomic}
     uint ConcGCThreads                            = 2                                         {product} {ergonomic}
     uint G1ConcRefinementThreads                  = 8                                         {product} {ergonomic}
   size_t G1HeapRegionSize                         = 1048576                                   {product} {ergonomic}
    uintx GCDrainStackTargetSize                   = 64                                        {product} {ergonomic}
   size_t InitialHeapSize                          = 132120576                                 {product} {ergonomic}
   size_t MarkStackSize                            = 4194304                                   {product} {ergonomic}
   size_t MaxHeapSize                              = 2090860544                                {product} {ergonomic}
   size_t MaxNewSize                               = 1254096896                                {product} {ergonomic}
   size_t MinHeapDeltaBytes                        = 1048576                                   {product} {ergonomic}
   size_t MinHeapSize                              = 8388608                                   {product} {ergonomic}
    uintx NonNMethodCodeHeapSize                   = 5839372                                {pd product} {ergonomic}
    uintx NonProfiledCodeHeapSize                  = 122909434                              {pd product} {ergonomic}
    uintx ProfiledCodeHeapSize                     = 122909434                              {pd product} {ergonomic}
    uintx ReservedCodeCacheSize                    = 251658240                              {pd product} {ergonomic}
     bool SegmentedCodeCache                       = true                                      {product} {ergonomic}
     bool ShowCodeDetailsInExceptionMessages       = true                                   {manageable} {command line}
   size_t SoftMaxHeapSize                          = 2090860544                             {manageable} {ergonomic}
     bool UseCompressedClassPointers               = true                           {product lp64_product} {ergonomic}
     bool UseCompressedOops                        = true                           {product lp64_product} {ergonomic}
     bool UseG1GC                                  = true                                      {product} {ergonomic}
     bool UseLargePagesIndividualAllocation        = false                                  {pd product} {ergonomic}

Logging:
Log output configuration:
 #0: stdout all=warning uptime,level,tags foldmultilines=false
 #1: stderr all=off uptime,level,tags foldmultilines=false

Environment Variables:
JAVA_HOME=C:\Program Files\Java\jdk-18.0.2
PATH=C:\Program Files\Common Files\Oracle\Java\javapath;C:\WINDOWS\system32;C:\WINDOWS;C:\WINDOWS\System32\Wbem;C:\WINDOWS\System32\WindowsPowerShell\v1.0\;C:\WINDOWS\System32\OpenSSH\;C:\Program Files\nodejs\;C:\Program Files\apache-maven-3.8.6\bin;C:\Program Files\Java\jdk-17.0.5;C:\ProgramData\chocolatey\bin;C:\Program Files\Git\cmd;C:\Program Files\dotnet\;C:\Program Files\PowerShell\7\;C:\Program Files\MySQL\MySQL Shell 8.0\bin\;C:\Users\me_an\AppData\Local\Programs\Python\Python310\Scripts\;C:\Users\me_an\AppData\Local\Programs\Python\Python310\;C:\Users\me_an\AppData\Local\Microsoft\WindowsApps;;C:\Users\me_an\AppData\Local\Programs\Microsoft VS Code\bin;C:\Users\me_an\AppData\Roaming\npm;C:\Program Files (x86)\Sophos\Sophos SSL VPN Client\bin;C:\Users\me_an\.dotnet\tools
USERNAME=me_an
OS=Windows_NT
PROCESSOR_IDENTIFIER=Intel64 Family 6 Model 140 Stepping 1, GenuineIntel



---------------  S Y S T E M  ---------------

OS:
 Windows 11 , 64 bit Build 22621 (10.0.22621.1344)
OS uptime: 32 days 0:50 hours

CPU: total 8 (initial active 8) (4 cores per cpu, 2 threads per core) family 6 model 140 stepping 1 microcode 0x9a, cx8, cmov, fxsr, ht, mmx, 3dnowpref, sse, sse2, sse3, ssse3, sse4.1, sse4.2, popcnt, lzcnt, tsc, tscinvbit, avx, avx2, aes, erms, clmul, bmi1, bmi2, adx, avx512f, avx512dq, avx512cd, avx512bw, avx512vl, sha, fma, vzeroupper, avx512_vpopcntdq, avx512_vpclmulqdq, avx512_vaes, avx512_vnni, clflush, clflushopt, clwb, avx512_vbmi2, avx512_vbmi

Memory: 4k page, system-wide physical 7975M (65M free)
TotalPageFile size 32551M (AvailPageFile size 0M)
current process WorkingSet (physical memory assigned to process): 27M, peak: 81M
current process commit charge ("private bytes"): 225M, peak: 229M

vm_info: Java HotSpot(TM) 64-Bit Server VM (18.0.2.1+1-1) for windows-amd64 JRE (18.0.2.1+1-1), built on Aug 16 2022 01:46:33 by "mach5one" with MS VC++ 16.8 / 16.9 (VS2019)

END.
